# JRE version: OpenJDK Runtime Environment (8.0_112-b06) (build 1.8.0_112-release-b06)
# Java VM: OpenJDK 64-Bit Server VM (25.112-b06 mixed mode windows-amd64 compressed oops)
Heap:
 PSYoungGen      total 349184K, used 238092K [0x00000000e0000000, 0x00000000ffb00000, 0x0000000100000000)
  eden space 182272K, 79% used [0x00000000e0000000,0x00000000e8d87260,0x00000000eb200000)
  from space 166912K, 55% used [0x00000000eb200000,0x00000000f0cfc080,0x00000000f5500000)
  to   space 166400K, 0% used [0x00000000f5880000,0x00000000f5880000,0x00000000ffb00000)
 ParOldGen       total 1048576K, used 889514K [0x00000000a0000000, 0x00000000e0000000, 0x00000000e0000000)
  object space 1048576K, 84% used [0x00000000a0000000,0x00000000d64aab50,0x00000000e0000000)
 Metaspace       used 70036K, capacity 72820K, committed 72960K, reserved 1114112K
  class space    used 8676K, capacity 9175K, committed 9216K, reserved 1048576K
GC Heap History (10 events):
Event: 110.004 GC heap before
{Heap before GC invocations=111 (full 22):
 PSYoungGen      total 197120K, used 175104K [0x00000000e0000000, 0x00000000fff00000, 0x0000000100000000)
  eden space 175104K, 100% used [0x00000000e0000000,0x00000000eab00000,0x00000000eab00000)
  from space 22016K, 0% used [0x00000000eab00000,0x00000000eab00000,0x00000000ec080000)
  to   space 174080K, 0% used [0x00000000f5500000,0x00000000f5500000,0x00000000fff00000)
 ParOldGen       total 1048576K, used 1048462K [0x00000000a0000000, 0x00000000e0000000, 0x00000000e0000000)
  object space 1048576K, 99% used [0x00000000a0000000,0x00000000dffe3990,0x00000000e0000000)
 Metaspace       used 69971K, capacity 72726K, committed 72960K, reserved 1114112K
  class space    used 8672K, capacity 9170K, committed 9216K, reserved 1048576K
Event: 111.499 GC heap after
Heap after GC invocations=111 (full 22):
 PSYoungGen      total 197120K, used 58013K [0x00000000e0000000, 0x00000000fff00000, 0x0000000100000000)
  eden space 175104K, 33% used [0x00000000e0000000,0x00000000e38a7498,0x00000000eab00000)
  from space 22016K, 0% used [0x00000000eab00000,0x00000000eab00000,0x00000000ec080000)
  to   space 174080K, 0% used [0x00000000f5500000,0x00000000f5500000,0x00000000fff00000)
 ParOldGen       total 1048576K, used 1048196K [0x00000000a0000000, 0x00000000e0000000, 0x00000000e0000000)
  object space 1048576K, 99% used [0x00000000a0000000,0x00000000dffa11c0,0x00000000e0000000)
 Metaspace       used 69971K, capacity 72726K, committed 72960K, reserved 1114112K
  class space    used 8672K, capacity 9170K, committed 9216K, reserved 1048576K
}
Event: 111.560 GC heap before
{Heap before GC invocations=112 (full 23):
 PSYoungGen      total 197120K, used 175104K [0x00000000e0000000, 0x00000000fff00000, 0x0000000100000000)
  eden space 175104K, 100% used [0x00000000e0000000,0x00000000eab00000,0x00000000eab00000)
  from space 22016K, 0% used [0x00000000eab00000,0x00000000eab00000,0x00000000ec080000)
  to   space 174080K, 0% used [0x00000000f5500000,0x00000000f5500000,0x00000000fff00000)
 ParOldGen       total 1048576K, used 1048196K [0x00000000a0000000, 0x00000000e0000000, 0x00000000e0000000)
  object space 1048576K, 99% used [0x00000000a0000000,0x00000000dffa11c0,0x00000000e0000000)
 Metaspace       used 69971K, capacity 72726K, committed 72960K, reserved 1114112K
  class space    used 8672K, capacity 9170K, committed 9216K, reserved 1048576K
Event: 112.872 GC heap after
Heap after GC invocations=112 (full 23):
 PSYoungGen      total 197120K, used 40040K [0x00000000e0000000, 0x00000000fff00000, 0x0000000100000000)
  eden space 175104K, 22% used [0x00000000e0000000,0x00000000e271a190,0x00000000eab00000)
  from space 22016K, 0% used [0x00000000eab00000,0x00000000eab00000,0x00000000ec080000)
  to   space 174080K, 0% used [0x00000000f5500000,0x00000000f5500000,0x00000000fff00000)
 ParOldGen       total 1048576K, used 1048476K [0x00000000a0000000, 0x00000000e0000000, 0x00000000e0000000)
  object space 1048576K, 99% used [0x00000000a0000000,0x00000000dffe7300,0x00000000e0000000)
 Metaspace       used 69971K, capacity 72726K, committed 72960K, reserved 1114112K
  class space    used 8672K, capacity 9170K, committed 9216K, reserved 1048576K
}
Event: 113.046 GC heap before
{Heap before GC invocations=113 (full 24):
 PSYoungGen      total 197120K, used 175104K [0x00000000e0000000, 0x00000000fff00000, 0x0000000100000000)
  eden space 175104K, 100% used [0x00000000e0000000,0x00000000eab00000,0x00000000eab00000)
  from space 22016K, 0% used [0x00000000eab00000,0x00000000eab00000,0x00000000ec080000)
  to   space 174080K, 0% used [0x00000000f5500000,0x00000000f5500000,0x00000000fff00000)
 ParOldGen       total 1048576K, used 1048476K [0x00000000a0000000, 0x00000000e0000000, 0x00000000e0000000)
  object space 1048576K, 99% used [0x00000000a0000000,0x00000000dffe7300,0x00000000e0000000)
 Metaspace       used 69974K, capacity 72726K, committed 72960K, reserved 1114112K
  class space    used 8672K, capacity 9170K, committed 9216K, reserved 1048576K
Event: 115.147 GC heap after
Heap after GC invocations=113 (full 24):
 PSYoungGen      total 197120K, used 0K [0x00000000e0000000, 0x00000000fff00000, 0x0000000100000000)
  eden space 175104K, 0% used [0x00000000e0000000,0x00000000e0000000,0x00000000eab00000)
  from space 22016K, 0% used [0x00000000eab00000,0x00000000eab00000,0x00000000ec080000)
  to   space 174080K, 0% used [0x00000000f5500000,0x00000000f5500000,0x00000000fff00000)
 ParOldGen       total 1048576K, used 889514K [0x00000000a0000000, 0x00000000e0000000, 0x00000000e0000000)
  object space 1048576K, 84% used [0x00000000a0000000,0x00000000d64aab50,0x00000000e0000000)
 Metaspace       used 69974K, capacity 72726K, committed 72960K, reserved 1114112K
  class space    used 8672K, capacity 9170K, committed 9216K, reserved 1048576K
}
Event: 115.931 GC heap before
{Heap before GC invocations=114 (full 24):
 PSYoungGen      total 197120K, used 175104K [0x00000000e0000000, 0x00000000fff00000, 0x0000000100000000)
  eden space 175104K, 100% used [0x00000000e0000000,0x00000000eab00000,0x00000000eab00000)
  from space 22016K, 0% used [0x00000000eab00000,0x00000000eab00000,0x00000000ec080000)
  to   space 174080K, 0% used [0x00000000f5500000,0x00000000f5500000,0x00000000fff00000)
 ParOldGen       total 1048576K, used 889514K [0x00000000a0000000, 0x00000000e0000000, 0x00000000e0000000)
  object space 1048576K, 84% used [0x00000000a0000000,0x00000000d64aab50,0x00000000e0000000)
 Metaspace       used 69974K, capacity 72726K, committed 72960K, reserved 1114112K
  class space    used 8672K, capacity 9170K, committed 9216K, reserved 1048576K
Event: 115.968 GC heap after
Heap after GC invocations=114 (full 24):
 PSYoungGen      total 353280K, used 49993K [0x00000000e0000000, 0x00000000ffc00000, 0x0000000100000000)
  eden space 182272K, 0% used [0x00000000e0000000,0x00000000e0000000,0x00000000eb200000)
  from space 171008K, 29% used [0x00000000f5500000,0x00000000f85d2740,0x00000000ffc00000)
  to   space 166912K, 0% used [0x00000000eb200000,0x00000000eb200000,0x00000000f5500000)
 ParOldGen       total 1048576K, used 889514K [0x00000000a0000000, 0x00000000e0000000, 0x00000000e0000000)
  object space 1048576K, 84% used [0x00000000a0000000,0x00000000d64aab50,0x00000000e0000000)
 Metaspace       used 69974K, capacity 72726K, committed 72960K, reserved 1114112K
  class space    used 8672K, capacity 9170K, committed 9216K, reserved 1048576K
}
Event: 116.728 GC heap before
{Heap before GC invocations=115 (full 24):
 PSYoungGen      total 353280K, used 228472K [0x00000000e0000000, 0x00000000ffc00000, 0x0000000100000000)
  eden space 182272K, 97% used [0x00000000e0000000,0x00000000eae4bc98,0x00000000eb200000)
  from space 171008K, 29% used [0x00000000f5500000,0x00000000f85d2740,0x00000000ffc00000)
  to   space 166912K, 0% used [0x00000000eb200000,0x00000000eb200000,0x00000000f5500000)
 ParOldGen       total 1048576K, used 889514K [0x00000000a0000000, 0x00000000e0000000, 0x00000000e0000000)
  object space 1048576K, 84% used [0x00000000a0000000,0x00000000d64aab50,0x00000000e0000000)
 Metaspace       used 69991K, capacity 72732K, committed 72960K, reserved 1114112K
  class space    used 8673K, capacity 9171K, committed 9216K, reserved 1048576K
Event: 116.786 GC heap after
Heap after GC invocations=115 (full 24):
 PSYoungGen      total 349184K, used 93168K [0x00000000e0000000, 0x00000000ffb00000, 0x0000000100000000)
  eden space 182272K, 0% used [0x00000000e0000000,0x00000000e0000000,0x00000000eb200000)
  from space 166912K, 55% used [0x00000000eb200000,0x00000000f0cfc080,0x00000000f5500000)
  to   space 166400K, 0% used [0x00000000f5880000,0x00000000f5880000,0x00000000ffb00000)
 ParOldGen       total 1048576K, used 889514K [0x00000000a0000000, 0x00000000e0000000, 0x00000000e0000000)
  object space 1048576K, 84% used [0x00000000a0000000,0x00000000d64aab50,0x00000000e0000000)
 Metaspace       used 69991K, capacity 72732K, committed 72960K, reserved 1114112K
  class space    used 8673K, capacity 9171K, committed 9216K, reserved 1048576K
}

